<?xml version="1.0" encoding="UTF-8"?>
<testsuite xmlns:xsi="http://www.w3.org/2001/XMLSchema-instance" xsi:noNamespaceSchemaLocation="https://maven.apache.org/surefire/maven-surefire-plugin/xsd/surefire-test-report.xsd" version="3.0.2" name="TestRepository.LibroRepositoryTest" time="0.031" tests="9" errors="0" skipped="0" failures="0">
  <properties>
[...]
</properties>
  <testcase name="save_DeberiaGuardarLibroConId" classname="TestRepository.LibroRepositoryTest" time="0.004"/>
  <testcase name="deleteById_DeberiaEliminarLibro" classname="TestRepository.LibroRepositoryTest" time="0.003"/>
  <testcase name="findById_DeberiaRetornarVacioSiNoExiste" classname="TestRepository.LibroRepositoryTest" time="0.002"/>
  <testcase name="existsById_DeberiaRetornarFalseSiNoExiste" classname="TestRepository.LibroRepositoryTest" time="0.003"/>
  <testcase name="findByIsbn_DeberiaRetornarVacioSiNoExiste" classname="TestRepository.LibroRepositoryTest" time="0.003"/>
  <testcase name="findAll_DeberiaRetornarTodosLosLibros" classname="TestRepository.LibroRepositoryTest" time="0.001"/>
  <testcase name="findById_DeberiaRetornarLibroSiExiste" classname="TestRepository.LibroRepositoryTest" time="0.002"/>
  <testcase name="findByIsbn_DeberiaRetornarLibroSiExiste" classname="TestRepository.LibroRepositoryTest" time="0.001"/>
  <testcase name="existsById_DeberiaRetornarTrueSiExiste" classname="TestRepository.LibroRepositoryTest" time="0.001"/>
</testsuite>